INFO  2024-09-06 23:07:30,819  [Thread-0] log.DcLogSystem4j$Log4jLogger (DcLogSystem4j.java:142) - Logger enabled
INFO  2024-09-06 23:07:30,823  [Thread-0] log.DcLogSystem4j$Log4jLogger (DcLogSystem4j.java:142) - Using installation directory: C:/Users/abhbhagw/Downloads/datacrow_4.11.0_client_zipped/dc-client/
INFO  2024-09-06 23:07:30,824  [Thread-0] log.DcLogSystem4j$Log4jLogger (DcLogSystem4j.java:142) - Using user directory: C:\Users\abhbhagw\OneDrive - Capgemini\Desktop\CSE_Course\Crow_data/
INFO  2024-09-06 23:07:30,824  [Thread-0] log.DcLogSystem4j$Log4jLogger (DcLogSystem4j.java:142) - Using images directory: C:\Users\abhbhagw\OneDrive - Capgemini\Desktop\CSE_Course\Crow_data/images/
INFO  2024-09-06 23:07:30,825  [Thread-0] log.DcLogSystem4j$Log4jLogger (DcLogSystem4j.java:142) - Using database directory: C:\Users\abhbhagw\OneDrive - Capgemini\Desktop\CSE_Course\Crow_data/database/
INFO  2024-09-06 23:07:33,849  [Thread-0] log.DcLogSystem4j$Log4jLogger (DcLogSystem4j.java:142) - Registered online server TmdbMovieServer
INFO  2024-09-06 23:07:33,859  [Thread-0] log.DcLogSystem4j$Log4jLogger (DcLogSystem4j.java:142) - Registered online server MobyGamesServer
INFO  2024-09-06 23:07:33,861  [Thread-0] log.DcLogSystem4j$Log4jLogger (DcLogSystem4j.java:142) - Registered online server ComicVineCharacterServer
INFO  2024-09-06 23:07:33,863  [Thread-0] log.DcLogSystem4j$Log4jLogger (DcLogSystem4j.java:142) - Registered online server ITunesServer
INFO  2024-09-06 23:07:33,871  [Thread-0] log.DcLogSystem4j$Log4jLogger (DcLogSystem4j.java:142) - Registered online server OpenLibraryServer
INFO  2024-09-06 23:07:33,874  [Thread-0] log.DcLogSystem4j$Log4jLogger (DcLogSystem4j.java:142) - Registered online server ArchiveOrgBookServer
INFO  2024-09-06 23:07:33,876  [Thread-0] log.DcLogSystem4j$Log4jLogger (DcLogSystem4j.java:142) - Registered online server GoogleServer
INFO  2024-09-06 23:07:33,878  [Thread-0] log.DcLogSystem4j$Log4jLogger (DcLogSystem4j.java:142) - Registered online server DiscogsServer
INFO  2024-09-06 23:07:33,879  [Thread-0] log.DcLogSystem4j$Log4jLogger (DcLogSystem4j.java:142) - Registered online server ArchiveOrgSoftwareServer
INFO  2024-09-06 23:07:33,882  [Thread-0] log.DcLogSystem4j$Log4jLogger (DcLogSystem4j.java:142) - Registered online server ArchiveOrgMovieServer
INFO  2024-09-06 23:07:33,883  [Thread-0] log.DcLogSystem4j$Log4jLogger (DcLogSystem4j.java:142) - Registered online server ComicVineComicServer
INFO  2024-09-06 23:07:33,888  [Thread-0] log.DcLogSystem4j$Log4jLogger (DcLogSystem4j.java:142) - Registered online server MovieMeterServer
INFO  2024-09-06 23:07:33,890  [Thread-0] log.DcLogSystem4j$Log4jLogger (DcLogSystem4j.java:142) - Data Crow 4.11
INFO  2024-09-06 23:07:33,891  [Thread-0] log.DcLogSystem4j$Log4jLogger (DcLogSystem4j.java:142) - Java version: 17.0.6
INFO  2024-09-06 23:07:33,892  [Thread-0] log.DcLogSystem4j$Log4jLogger (DcLogSystem4j.java:142) - Java vendor: Oracle Corporation
INFO  2024-09-06 23:07:33,892  [Thread-0] log.DcLogSystem4j$Log4jLogger (DcLogSystem4j.java:142) - Operating System: Windows 11
INFO  2024-09-06 23:07:34,019  [Thread-0] log.DcLogSystem4j$Log4jLogger (DcLogSystem4j.java:142) - Upgraded module movie, altered field Frames
INFO  2024-09-06 23:07:34,019  [Thread-0] log.DcLogSystem4j$Log4jLogger (DcLogSystem4j.java:142) - Upgraded module movie, altered field Audio Bitrate
INFO  2024-09-06 23:07:34,020  [Thread-0] log.DcLogSystem4j$Log4jLogger (DcLogSystem4j.java:142) - Upgraded module movie, altered field Audio Sample Rate
INFO  2024-09-06 23:07:34,020  [Thread-0] log.DcLogSystem4j$Log4jLogger (DcLogSystem4j.java:142) - Upgraded module movie, altered field Audio Channels
INFO  2024-09-06 23:07:34,021  [Thread-0] log.DcLogSystem4j$Log4jLogger (DcLogSystem4j.java:142) - Upgraded module movie, altered field Video Bitrate
INFO  2024-09-06 23:07:34,022  [Thread-0] log.DcLogSystem4j$Log4jLogger (DcLogSystem4j.java:142) - Upgraded module movie, altered field Width
INFO  2024-09-06 23:07:34,022  [Thread-0] log.DcLogSystem4j$Log4jLogger (DcLogSystem4j.java:142) - Upgraded module movie, altered field Height
INFO  2024-09-06 23:07:34,030  [Thread-0] log.DcLogSystem4j$Log4jLogger (DcLogSystem4j.java:142) - Upgraded module Record Label, altered field Description
INFO  2024-09-06 23:07:34,030  [Thread-0] log.DcLogSystem4j$Log4jLogger (DcLogSystem4j.java:142) - Upgraded module Record Label, altered field Webpage
INFO  2024-09-06 23:07:34,031  [Thread-0] log.DcLogSystem4j$Log4jLogger (DcLogSystem4j.java:142) - Upgraded module Record Label, altered field Name
INFO  2024-09-06 23:07:34,031  [Thread-0] log.DcLogSystem4j$Log4jLogger (DcLogSystem4j.java:142) - Upgraded module Record Label, altered field Contact Information
INFO  2024-09-06 23:07:34,038  [Thread-0] log.DcLogSystem4j$Log4jLogger (DcLogSystem4j.java:142) - Upgraded module Music Album, altered field Record Label
INFO  2024-09-06 23:07:37,964  [Thread-0] log.DcLogSystem4j$Log4jLogger (DcLogSystem4j.java:142) - x_actor_externalreferences table has not been found, creating new !
INFO  2024-09-06 23:07:37,966  [Thread-0] log.DcLogSystem4j$Log4jLogger (DcLogSystem4j.java:142) - x_actor_tags table has not been found, creating new !
INFO  2024-09-06 23:07:37,968  [Thread-0] log.DcLogSystem4j$Log4jLogger (DcLogSystem4j.java:142) - x_author_externalreferences table has not been found, creating new !
INFO  2024-09-06 23:07:37,969  [Thread-0] log.DcLogSystem4j$Log4jLogger (DcLogSystem4j.java:142) - x_author_tags table has not been found, creating new !
INFO  2024-09-06 23:07:37,970  [Thread-0] log.DcLogSystem4j$Log4jLogger (DcLogSystem4j.java:142) - x_boardgame_artist_externalreferences table has not been found, creating new !
INFO  2024-09-06 23:07:37,972  [Thread-0] log.DcLogSystem4j$Log4jLogger (DcLogSystem4j.java:142) - x_boardgame_artist_tags table has not been found, creating new !
INFO  2024-09-06 23:07:37,974  [Thread-0] log.DcLogSystem4j$Log4jLogger (DcLogSystem4j.java:142) - x_boardgame_designer_externalreferences table has not been found, creating new !
INFO  2024-09-06 23:07:37,976  [Thread-0] log.DcLogSystem4j$Log4jLogger (DcLogSystem4j.java:142) - x_boardgame_designer_tags table has not been found, creating new !
INFO  2024-09-06 23:07:37,978  [Thread-0] log.DcLogSystem4j$Log4jLogger (DcLogSystem4j.java:142) - x_boardgame_publisher_externalreferences table has not been found, creating new !
INFO  2024-09-06 23:07:37,979  [Thread-0] log.DcLogSystem4j$Log4jLogger (DcLogSystem4j.java:142) - x_boardgame_publisher_tags table has not been found, creating new !
INFO  2024-09-06 23:07:37,980  [Thread-0] log.DcLogSystem4j$Log4jLogger (DcLogSystem4j.java:142) - x_bookpublisher_externalreferences table has not been found, creating new !
INFO  2024-09-06 23:07:37,981  [Thread-0] log.DcLogSystem4j$Log4jLogger (DcLogSystem4j.java:142) - x_bookpublisher_tags table has not been found, creating new !
INFO  2024-09-06 23:07:37,982  [Thread-0] log.DcLogSystem4j$Log4jLogger (DcLogSystem4j.java:142) - x_comic_artist_externalreferences table has not been found, creating new !
INFO  2024-09-06 23:07:37,983  [Thread-0] log.DcLogSystem4j$Log4jLogger (DcLogSystem4j.java:142) - x_comic_artist_tags table has not been found, creating new !
INFO  2024-09-06 23:07:37,984  [Thread-0] log.DcLogSystem4j$Log4jLogger (DcLogSystem4j.java:142) - x_comic_character_enemies table has not been found, creating new !
INFO  2024-09-06 23:07:37,985  [Thread-0] log.DcLogSystem4j$Log4jLogger (DcLogSystem4j.java:142) - x_comic_character_externalreferences table has not been found, creating new !
INFO  2024-09-06 23:07:37,986  [Thread-0] log.DcLogSystem4j$Log4jLogger (DcLogSystem4j.java:142) - x_comic_character_friends table has not been found, creating new !
INFO  2024-09-06 23:07:37,987  [Thread-0] log.DcLogSystem4j$Log4jLogger (DcLogSystem4j.java:142) - x_comic_character_moviesappearance table has not been found, creating new !
INFO  2024-09-06 23:07:37,987  [Thread-0] log.DcLogSystem4j$Log4jLogger (DcLogSystem4j.java:142) - x_comic_character_powers table has not been found, creating new !
INFO  2024-09-06 23:07:37,988  [Thread-0] log.DcLogSystem4j$Log4jLogger (DcLogSystem4j.java:142) - x_comic_character_tags table has not been found, creating new !
INFO  2024-09-06 23:07:37,990  [Thread-0] log.DcLogSystem4j$Log4jLogger (DcLogSystem4j.java:142) - x_comic_character_teams table has not been found, creating new !
INFO  2024-09-06 23:07:37,991  [Thread-0] log.DcLogSystem4j$Log4jLogger (DcLogSystem4j.java:142) - x_comic_serie_externalreferences table has not been found, creating new !
INFO  2024-09-06 23:07:37,992  [Thread-0] log.DcLogSystem4j$Log4jLogger (DcLogSystem4j.java:142) - x_comic_serie_tags table has not been found, creating new !
INFO  2024-09-06 23:07:37,994  [Thread-0] log.DcLogSystem4j$Log4jLogger (DcLogSystem4j.java:142) - x_composer_externalreferences table has not been found, creating new !
INFO  2024-09-06 23:07:37,995  [Thread-0] log.DcLogSystem4j$Log4jLogger (DcLogSystem4j.java:142) - x_composer_tags table has not been found, creating new !
INFO  2024-09-06 23:07:37,997  [Thread-0] log.DcLogSystem4j$Log4jLogger (DcLogSystem4j.java:142) - x_person_tags table has not been found, creating new !
INFO  2024-09-06 23:07:37,998  [Thread-0] log.DcLogSystem4j$Log4jLogger (DcLogSystem4j.java:142) - x_container_tags table has not been found, creating new !
INFO  2024-09-06 23:07:37,999  [Thread-0] log.DcLogSystem4j$Log4jLogger (DcLogSystem4j.java:142) - x_developer_externalreferences table has not been found, creating new !
INFO  2024-09-06 23:07:38,000  [Thread-0] log.DcLogSystem4j$Log4jLogger (DcLogSystem4j.java:142) - x_developer_tags table has not been found, creating new !
INFO  2024-09-06 23:07:38,001  [Thread-0] log.DcLogSystem4j$Log4jLogger (DcLogSystem4j.java:142) - x_director_externalreferences table has not been found, creating new !
INFO  2024-09-06 23:07:38,002  [Thread-0] log.DcLogSystem4j$Log4jLogger (DcLogSystem4j.java:142) - x_director_tags table has not been found, creating new !
INFO  2024-09-06 23:07:38,003  [Thread-0] log.DcLogSystem4j$Log4jLogger (DcLogSystem4j.java:142) - x_musicartist_externalreferences table has not been found, creating new !
INFO  2024-09-06 23:07:38,005  [Thread-0] log.DcLogSystem4j$Log4jLogger (DcLogSystem4j.java:142) - x_musicartist_tags table has not been found, creating new !
INFO  2024-09-06 23:07:38,006  [Thread-0] log.DcLogSystem4j$Log4jLogger (DcLogSystem4j.java:142) - x_recordlabel_externalreferences table has not been found, creating new !
INFO  2024-09-06 23:07:38,007  [Thread-0] log.DcLogSystem4j$Log4jLogger (DcLogSystem4j.java:142) - x_recordlabel_tags table has not been found, creating new !
INFO  2024-09-06 23:07:38,009  [Thread-0] log.DcLogSystem4j$Log4jLogger (DcLogSystem4j.java:142) - x_softwarepublisher_externalreferences table has not been found, creating new !
INFO  2024-09-06 23:07:38,010  [Thread-0] log.DcLogSystem4j$Log4jLogger (DcLogSystem4j.java:142) - x_softwarepublisher_tags table has not been found, creating new !
INFO  2024-09-06 23:07:38,011  [Thread-0] log.DcLogSystem4j$Log4jLogger (DcLogSystem4j.java:142) - x_translator_externalreferences table has not been found, creating new !
INFO  2024-09-06 23:07:38,012  [Thread-0] log.DcLogSystem4j$Log4jLogger (DcLogSystem4j.java:142) - x_translator_tags table has not been found, creating new !
INFO  2024-09-06 23:07:38,013  [Thread-0] log.DcLogSystem4j$Log4jLogger (DcLogSystem4j.java:142) - x_boardgame_artists table has not been found, creating new !
INFO  2024-09-06 23:07:38,014  [Thread-0] log.DcLogSystem4j$Log4jLogger (DcLogSystem4j.java:142) - x_boardgame_categories table has not been found, creating new !
INFO  2024-09-06 23:07:38,014  [Thread-0] log.DcLogSystem4j$Log4jLogger (DcLogSystem4j.java:142) - x_boardgame_container table has not been found, creating new !
INFO  2024-09-06 23:07:38,015  [Thread-0] log.DcLogSystem4j$Log4jLogger (DcLogSystem4j.java:142) - x_boardgame_countries table has not been found, creating new !
INFO  2024-09-06 23:07:38,015  [Thread-0] log.DcLogSystem4j$Log4jLogger (DcLogSystem4j.java:142) - x_boardgame_designers table has not been found, creating new !
INFO  2024-09-06 23:07:38,016  [Thread-0] log.DcLogSystem4j$Log4jLogger (DcLogSystem4j.java:142) - x_boardgame_externalreferences table has not been found, creating new !
INFO  2024-09-06 23:07:38,017  [Thread-0] log.DcLogSystem4j$Log4jLogger (DcLogSystem4j.java:142) - x_boardgame_gamemechanics table has not been found, creating new !
INFO  2024-09-06 23:07:38,018  [Thread-0] log.DcLogSystem4j$Log4jLogger (DcLogSystem4j.java:142) - x_boardgame_languages table has not been found, creating new !
INFO  2024-09-06 23:07:38,019  [Thread-0] log.DcLogSystem4j$Log4jLogger (DcLogSystem4j.java:142) - x_boardgame_publishers table has not been found, creating new !
INFO  2024-09-06 23:07:38,020  [Thread-0] log.DcLogSystem4j$Log4jLogger (DcLogSystem4j.java:142) - x_boardgame_state table has not been found, creating new !
INFO  2024-09-06 23:07:38,021  [Thread-0] log.DcLogSystem4j$Log4jLogger (DcLogSystem4j.java:142) - x_boardgame_tags table has not been found, creating new !
INFO  2024-09-06 23:07:38,022  [Thread-0] log.DcLogSystem4j$Log4jLogger (DcLogSystem4j.java:142) - x_book_authors table has not been found, creating new !
INFO  2024-09-06 23:07:38,023  [Thread-0] log.DcLogSystem4j$Log4jLogger (DcLogSystem4j.java:142) - x_book_container table has not been found, creating new !
INFO  2024-09-06 23:07:38,025  [Thread-0] log.DcLogSystem4j$Log4jLogger (DcLogSystem4j.java:142) - x_book_countries table has not been found, creating new !
INFO  2024-09-06 23:07:38,026  [Thread-0] log.DcLogSystem4j$Log4jLogger (DcLogSystem4j.java:142) - x_book_externalreferences table has not been found, creating new !
INFO  2024-09-06 23:07:38,028  [Thread-0] log.DcLogSystem4j$Log4jLogger (DcLogSystem4j.java:142) - x_book_languages table has not been found, creating new !
INFO  2024-09-06 23:07:38,029  [Thread-0] log.DcLogSystem4j$Log4jLogger (DcLogSystem4j.java:142) - x_book_publishers table has not been found, creating new !
INFO  2024-09-06 23:07:38,030  [Thread-0] log.DcLogSystem4j$Log4jLogger (DcLogSystem4j.java:142) - x_book_tags table has not been found, creating new !
INFO  2024-09-06 23:07:38,031  [Thread-0] log.DcLogSystem4j$Log4jLogger (DcLogSystem4j.java:142) - x_book_translators table has not been found, creating new !
INFO  2024-09-06 23:07:38,032  [Thread-0] log.DcLogSystem4j$Log4jLogger (DcLogSystem4j.java:142) - x_comic_artists table has not been found, creating new !
INFO  2024-09-06 23:07:38,033  [Thread-0] log.DcLogSystem4j$Log4jLogger (DcLogSystem4j.java:142) - x_comic_categories table has not been found, creating new !
INFO  2024-09-06 23:07:38,034  [Thread-0] log.DcLogSystem4j$Log4jLogger (DcLogSystem4j.java:142) - x_comic_characters table has not been found, creating new !
INFO  2024-09-06 23:07:38,035  [Thread-0] log.DcLogSystem4j$Log4jLogger (DcLogSystem4j.java:142) - x_comic_container table has not been found, creating new !
INFO  2024-09-06 23:07:38,036  [Thread-0] log.DcLogSystem4j$Log4jLogger (DcLogSystem4j.java:142) - x_comic_countries table has not been found, creating new !
INFO  2024-09-06 23:07:38,037  [Thread-0] log.DcLogSystem4j$Log4jLogger (DcLogSystem4j.java:142) - x_comic_externalreferences table has not been found, creating new !
INFO  2024-09-06 23:07:38,038  [Thread-0] log.DcLogSystem4j$Log4jLogger (DcLogSystem4j.java:142) - x_comic_languages table has not been found, creating new !
INFO  2024-09-06 23:07:38,039  [Thread-0] log.DcLogSystem4j$Log4jLogger (DcLogSystem4j.java:142) - x_comic_publishers table has not been found, creating new !
INFO  2024-09-06 23:07:38,039  [Thread-0] log.DcLogSystem4j$Log4jLogger (DcLogSystem4j.java:142) - x_comic_tags table has not been found, creating new !
INFO  2024-09-06 23:07:38,040  [Thread-0] log.DcLogSystem4j$Log4jLogger (DcLogSystem4j.java:142) - x_comic_teams table has not been found, creating new !
INFO  2024-09-06 23:07:38,042  [Thread-0] log.DcLogSystem4j$Log4jLogger (DcLogSystem4j.java:142) - x_image_container table has not been found, creating new !
INFO  2024-09-06 23:07:38,044  [Thread-0] log.DcLogSystem4j$Log4jLogger (DcLogSystem4j.java:142) - x_image_countries table has not been found, creating new !
INFO  2024-09-06 23:07:38,045  [Thread-0] log.DcLogSystem4j$Log4jLogger (DcLogSystem4j.java:142) - x_image_externalreferences table has not been found, creating new !
INFO  2024-09-06 23:07:38,046  [Thread-0] log.DcLogSystem4j$Log4jLogger (DcLogSystem4j.java:142) - x_image_tags table has not been found, creating new !
INFO  2024-09-06 23:07:38,047  [Thread-0] log.DcLogSystem4j$Log4jLogger (DcLogSystem4j.java:142) - x_movie_actors table has not been found, creating new !
INFO  2024-09-06 23:07:38,048  [Thread-0] log.DcLogSystem4j$Log4jLogger (DcLogSystem4j.java:142) - x_movie_audiolanguages table has not been found, creating new !
INFO  2024-09-06 23:07:38,049  [Thread-0] log.DcLogSystem4j$Log4jLogger (DcLogSystem4j.java:142) - x_movie_container table has not been found, creating new !
INFO  2024-09-06 23:07:38,050  [Thread-0] log.DcLogSystem4j$Log4jLogger (DcLogSystem4j.java:142) - x_movie_countries table has not been found, creating new !
INFO  2024-09-06 23:07:38,051  [Thread-0] log.DcLogSystem4j$Log4jLogger (DcLogSystem4j.java:142) - x_movie_directors table has not been found, creating new !
INFO  2024-09-06 23:07:38,052  [Thread-0] log.DcLogSystem4j$Log4jLogger (DcLogSystem4j.java:142) - x_movie_externalreferences table has not been found, creating new !
INFO  2024-09-06 23:07:38,053  [Thread-0] log.DcLogSystem4j$Log4jLogger (DcLogSystem4j.java:142) - x_movie_genres table has not been found, creating new !
INFO  2024-09-06 23:07:38,054  [Thread-0] log.DcLogSystem4j$Log4jLogger (DcLogSystem4j.java:142) - x_movie_languages table has not been found, creating new !
INFO  2024-09-06 23:07:38,055  [Thread-0] log.DcLogSystem4j$Log4jLogger (DcLogSystem4j.java:142) - x_movie_subtitlelanguages table has not been found, creating new !
INFO  2024-09-06 23:07:38,056  [Thread-0] log.DcLogSystem4j$Log4jLogger (DcLogSystem4j.java:142) - x_movie_tags table has not been found, creating new !
INFO  2024-09-06 23:07:38,059  [Thread-0] log.DcLogSystem4j$Log4jLogger (DcLogSystem4j.java:142) - x_music_album_artists table has not been found, creating new !
INFO  2024-09-06 23:07:38,060  [Thread-0] log.DcLogSystem4j$Log4jLogger (DcLogSystem4j.java:142) - x_music_album_composers table has not been found, creating new !
INFO  2024-09-06 23:07:38,061  [Thread-0] log.DcLogSystem4j$Log4jLogger (DcLogSystem4j.java:142) - x_music_album_container table has not been found, creating new !
INFO  2024-09-06 23:07:38,062  [Thread-0] log.DcLogSystem4j$Log4jLogger (DcLogSystem4j.java:142) - x_music_album_countries table has not been found, creating new !
INFO  2024-09-06 23:07:38,064  [Thread-0] log.DcLogSystem4j$Log4jLogger (DcLogSystem4j.java:142) - x_music_album_externalreferences table has not been found, creating new !
INFO  2024-09-06 23:07:38,065  [Thread-0] log.DcLogSystem4j$Log4jLogger (DcLogSystem4j.java:142) - x_music_album_genres table has not been found, creating new !
INFO  2024-09-06 23:07:38,066  [Thread-0] log.DcLogSystem4j$Log4jLogger (DcLogSystem4j.java:142) - x_music_album_languages table has not been found, creating new !
INFO  2024-09-06 23:07:38,067  [Thread-0] log.DcLogSystem4j$Log4jLogger (DcLogSystem4j.java:142) - x_music_album_tags table has not been found, creating new !
INFO  2024-09-06 23:07:38,068  [Thread-0] log.DcLogSystem4j$Log4jLogger (DcLogSystem4j.java:142) - x_music_track_artists table has not been found, creating new !
INFO  2024-09-06 23:07:38,069  [Thread-0] log.DcLogSystem4j$Log4jLogger (DcLogSystem4j.java:142) - x_music_track_composers table has not been found, creating new !
INFO  2024-09-06 23:07:38,070  [Thread-0] log.DcLogSystem4j$Log4jLogger (DcLogSystem4j.java:142) - x_music_track_countries table has not been found, creating new !
INFO  2024-09-06 23:07:38,071  [Thread-0] log.DcLogSystem4j$Log4jLogger (DcLogSystem4j.java:142) - x_music_track_genres table has not been found, creating new !
INFO  2024-09-06 23:07:38,073  [Thread-0] log.DcLogSystem4j$Log4jLogger (DcLogSystem4j.java:142) - x_music_track_languages table has not been found, creating new !
INFO  2024-09-06 23:07:38,075  [Thread-0] log.DcLogSystem4j$Log4jLogger (DcLogSystem4j.java:142) - x_software_categories table has not been found, creating new !
INFO  2024-09-06 23:07:38,076  [Thread-0] log.DcLogSystem4j$Log4jLogger (DcLogSystem4j.java:142) - x_software_container table has not been found, creating new !
INFO  2024-09-06 23:07:38,077  [Thread-0] log.DcLogSystem4j$Log4jLogger (DcLogSystem4j.java:142) - x_software_countries table has not been found, creating new !
INFO  2024-09-06 23:07:38,077  [Thread-0] log.DcLogSystem4j$Log4jLogger (DcLogSystem4j.java:142) - x_software_developers table has not been found, creating new !
INFO  2024-09-06 23:07:38,078  [Thread-0] log.DcLogSystem4j$Log4jLogger (DcLogSystem4j.java:142) - x_software_externalreferences table has not been found, creating new !
INFO  2024-09-06 23:07:38,079  [Thread-0] log.DcLogSystem4j$Log4jLogger (DcLogSystem4j.java:142) - x_software_languages table has not been found, creating new !
INFO  2024-09-06 23:07:38,080  [Thread-0] log.DcLogSystem4j$Log4jLogger (DcLogSystem4j.java:142) - x_software_publishers table has not been found, creating new !
INFO  2024-09-06 23:07:38,080  [Thread-0] log.DcLogSystem4j$Log4jLogger (DcLogSystem4j.java:142) - x_software_state table has not been found, creating new !
INFO  2024-09-06 23:07:38,081  [Thread-0] log.DcLogSystem4j$Log4jLogger (DcLogSystem4j.java:142) - x_software_tags table has not been found, creating new !
INFO  2024-09-06 23:07:38,083  [Thread-0] log.DcLogSystem4j$Log4jLogger (DcLogSystem4j.java:142) - actor_externalreference table has not been found, creating new !
INFO  2024-09-06 23:07:38,084  [Thread-0] log.DcLogSystem4j$Log4jLogger (DcLogSystem4j.java:142) - actor table has not been found, creating new !
INFO  2024-09-06 23:07:38,085  [Thread-0] log.DcLogSystem4j$Log4jLogger (DcLogSystem4j.java:142) - musicartist table has not been found, creating new !
INFO  2024-09-06 23:07:38,085  [Thread-0] log.DcLogSystem4j$Log4jLogger (DcLogSystem4j.java:142) - boardgame_artist table has not been found, creating new !
INFO  2024-09-06 23:07:38,086  [Thread-0] log.DcLogSystem4j$Log4jLogger (DcLogSystem4j.java:142) - comic_artist table has not been found, creating new !
INFO  2024-09-06 23:07:38,087  [Thread-0] log.DcLogSystem4j$Log4jLogger (DcLogSystem4j.java:142) - aspectratio table has not been found, creating new !
INFO  2024-09-06 23:07:38,087  [Thread-0] log.DcLogSystem4j$Log4jLogger (DcLogSystem4j.java:142) - author_externalreference table has not been found, creating new !
INFO  2024-09-06 23:07:38,088  [Thread-0] log.DcLogSystem4j$Log4jLogger (DcLogSystem4j.java:142) - author table has not been found, creating new !
INFO  2024-09-06 23:07:38,088  [Thread-0] log.DcLogSystem4j$Log4jLogger (DcLogSystem4j.java:142) - binding table has not been found, creating new !
INFO  2024-09-06 23:07:38,089  [Thread-0] log.DcLogSystem4j$Log4jLogger (DcLogSystem4j.java:142) - boardgame table has not been found, creating new !
INFO  2024-09-06 23:07:38,090  [Thread-0] log.DcLogSystem4j$Log4jLogger (DcLogSystem4j.java:142) - boardgame_boardgame_categories table has not been found, creating new !
INFO  2024-09-06 23:07:38,090  [Thread-0] log.DcLogSystem4j$Log4jLogger (DcLogSystem4j.java:142) - boardgame_externalreference table has not been found, creating new !
INFO  2024-09-06 23:07:38,092  [Thread-0] log.DcLogSystem4j$Log4jLogger (DcLogSystem4j.java:142) - boardgame_boardgame_mechanics table has not been found, creating new !
INFO  2024-09-06 23:07:38,094  [Thread-0] log.DcLogSystem4j$Log4jLogger (DcLogSystem4j.java:142) - boardgame_state table has not been found, creating new !
INFO  2024-09-06 23:07:38,095  [Thread-0] log.DcLogSystem4j$Log4jLogger (DcLogSystem4j.java:142) - boardgame_artist_externalreference table has not been found, creating new !
INFO  2024-09-06 23:07:38,097  [Thread-0] log.DcLogSystem4j$Log4jLogger (DcLogSystem4j.java:142) - boardgame_designer_externalreference table has not been found, creating new !
INFO  2024-09-06 23:07:38,099  [Thread-0] log.DcLogSystem4j$Log4jLogger (DcLogSystem4j.java:142) - boardgame_publisher_externalreference table has not been found, creating new !
INFO  2024-09-06 23:07:38,100  [Thread-0] log.DcLogSystem4j$Log4jLogger (DcLogSystem4j.java:142) - book_category table has not been found, creating new !
INFO  2024-09-06 23:07:38,101  [Thread-0] log.DcLogSystem4j$Log4jLogger (DcLogSystem4j.java:142) - book_externalreference table has not been found, creating new !
INFO  2024-09-06 23:07:38,102  [Thread-0] log.DcLogSystem4j$Log4jLogger (DcLogSystem4j.java:142) - book_state table has not been found, creating new !
INFO  2024-09-06 23:07:38,103  [Thread-0] log.DcLogSystem4j$Log4jLogger (DcLogSystem4j.java:142) - book_storagemedium table has not been found, creating new !
INFO  2024-09-06 23:07:38,105  [Thread-0] log.DcLogSystem4j$Log4jLogger (DcLogSystem4j.java:142) - bookpublisher_externalreference table has not been found, creating new !
INFO  2024-09-06 23:07:38,113  [Thread-0] log.DcLogSystem4j$Log4jLogger (DcLogSystem4j.java:142) - book table has not been found, creating new !
INFO  2024-09-06 23:07:38,115  [Thread-0] log.DcLogSystem4j$Log4jLogger (DcLogSystem4j.java:142) - comic_character table has not been found, creating new !
INFO  2024-09-06 23:07:38,117  [Thread-0] log.DcLogSystem4j$Log4jLogger (DcLogSystem4j.java:142) - color table has not been found, creating new !
INFO  2024-09-06 23:07:38,118  [Thread-0] log.DcLogSystem4j$Log4jLogger (DcLogSystem4j.java:142) - comic table has not been found, creating new !
INFO  2024-09-06 23:07:38,119  [Thread-0] log.DcLogSystem4j$Log4jLogger (DcLogSystem4j.java:142) - comic_comic_categories table has not been found, creating new !
INFO  2024-09-06 23:07:38,120  [Thread-0] log.DcLogSystem4j$Log4jLogger (DcLogSystem4j.java:142) - comic_externalreference table has not been found, creating new !
INFO  2024-09-06 23:07:38,121  [Thread-0] log.DcLogSystem4j$Log4jLogger (DcLogSystem4j.java:142) - comic_comic_formats table has not been found, creating new !
INFO  2024-09-06 23:07:38,122  [Thread-0] log.DcLogSystem4j$Log4jLogger (DcLogSystem4j.java:142) - comic_comic_issue_type table has not been found, creating new !
INFO  2024-09-06 23:07:38,124  [Thread-0] log.DcLogSystem4j$Log4jLogger (DcLogSystem4j.java:142) - comic_artist_externalreference table has not been found, creating new !
INFO  2024-09-06 23:07:38,125  [Thread-0] log.DcLogSystem4j$Log4jLogger (DcLogSystem4j.java:142) - comic_character_externalreference table has not been found, creating new !
INFO  2024-09-06 23:07:38,126  [Thread-0] log.DcLogSystem4j$Log4jLogger (DcLogSystem4j.java:142) - comic_serie_externalreference table has not been found, creating new !
INFO  2024-09-06 23:07:38,128  [Thread-0] log.DcLogSystem4j$Log4jLogger (DcLogSystem4j.java:142) - composer table has not been found, creating new !
INFO  2024-09-06 23:07:38,129  [Thread-0] log.DcLogSystem4j$Log4jLogger (DcLogSystem4j.java:142) - composer_externalreference table has not been found, creating new !
INFO  2024-09-06 23:07:38,130  [Thread-0] log.DcLogSystem4j$Log4jLogger (DcLogSystem4j.java:142) - person table has not been found, creating new !
INFO  2024-09-06 23:07:38,131  [Thread-0] log.DcLogSystem4j$Log4jLogger (DcLogSystem4j.java:142) - person_category table has not been found, creating new !
INFO  2024-09-06 23:07:38,132  [Thread-0] log.DcLogSystem4j$Log4jLogger (DcLogSystem4j.java:142) - container_containertype table has not been found, creating new !
INFO  2024-09-06 23:07:38,133  [Thread-0] log.DcLogSystem4j$Log4jLogger (DcLogSystem4j.java:142) - container table has not been found, creating new !
INFO  2024-09-06 23:07:38,134  [Thread-0] log.DcLogSystem4j$Log4jLogger (DcLogSystem4j.java:142) - country table has not been found, creating new !
INFO  2024-09-06 23:07:38,135  [Thread-0] log.DcLogSystem4j$Log4jLogger (DcLogSystem4j.java:142) - boardgame_designer table has not been found, creating new !
INFO  2024-09-06 23:07:38,135  [Thread-0] log.DcLogSystem4j$Log4jLogger (DcLogSystem4j.java:142) - developer_externalreference table has not been found, creating new !
INFO  2024-09-06 23:07:38,136  [Thread-0] log.DcLogSystem4j$Log4jLogger (DcLogSystem4j.java:142) - developer table has not been found, creating new !
INFO  2024-09-06 23:07:38,137  [Thread-0] log.DcLogSystem4j$Log4jLogger (DcLogSystem4j.java:142) - director_externalreference table has not been found, creating new !
INFO  2024-09-06 23:07:38,140  [Thread-0] log.DcLogSystem4j$Log4jLogger (DcLogSystem4j.java:142) - director table has not been found, creating new !
INFO  2024-09-06 23:07:38,142  [Thread-0] log.DcLogSystem4j$Log4jLogger (DcLogSystem4j.java:142) - editiontype table has not been found, creating new !
INFO  2024-09-06 23:07:38,143  [Thread-0] log.DcLogSystem4j$Log4jLogger (DcLogSystem4j.java:142) - exportedloans table has not been found, creating new !
INFO  2024-09-06 23:07:38,145  [Thread-0] log.DcLogSystem4j$Log4jLogger (DcLogSystem4j.java:142) - image_category table has not been found, creating new !
INFO  2024-09-06 23:07:38,146  [Thread-0] log.DcLogSystem4j$Log4jLogger (DcLogSystem4j.java:142) - image_externalreference table has not been found, creating new !
INFO  2024-09-06 23:07:38,148  [Thread-0] log.DcLogSystem4j$Log4jLogger (DcLogSystem4j.java:142) - image_state table has not been found, creating new !
INFO  2024-09-06 23:07:38,148  [Thread-0] log.DcLogSystem4j$Log4jLogger (DcLogSystem4j.java:142) - image_storagemedium table has not been found, creating new !
INFO  2024-09-06 23:07:38,150  [Thread-0] log.DcLogSystem4j$Log4jLogger (DcLogSystem4j.java:142) - image table has not been found, creating new !
INFO  2024-09-06 23:07:38,151  [Thread-0] log.DcLogSystem4j$Log4jLogger (DcLogSystem4j.java:142) - language table has not been found, creating new !
INFO  2024-09-06 23:07:38,152  [Thread-0] log.DcLogSystem4j$Log4jLogger (DcLogSystem4j.java:142) - license table has not been found, creating new !
INFO  2024-09-06 23:07:38,154  [Thread-0] log.DcLogSystem4j$Log4jLogger (DcLogSystem4j.java:142) - loans table has not been found, creating new !
INFO  2024-09-06 23:07:38,155  [Thread-0] log.DcLogSystem4j$Log4jLogger (DcLogSystem4j.java:142) - movie table has not been found, creating new !
INFO  2024-09-06 23:07:38,157  [Thread-0] log.DcLogSystem4j$Log4jLogger (DcLogSystem4j.java:142) - movie_externalreference table has not been found, creating new !
INFO  2024-09-06 23:07:38,158  [Thread-0] log.DcLogSystem4j$Log4jLogger (DcLogSystem4j.java:142) - movie_genre table has not been found, creating new !
INFO  2024-09-06 23:07:38,159  [Thread-0] log.DcLogSystem4j$Log4jLogger (DcLogSystem4j.java:142) - movie_state table has not been found, creating new !
INFO  2024-09-06 23:07:38,162  [Thread-0] log.DcLogSystem4j$Log4jLogger (DcLogSystem4j.java:142) - movie_storagemedium table has not been found, creating new !
INFO  2024-09-06 23:07:38,163  [Thread-0] log.DcLogSystem4j$Log4jLogger (DcLogSystem4j.java:142) - music_album table has not been found, creating new !
INFO  2024-09-06 23:07:38,164  [Thread-0] log.DcLogSystem4j$Log4jLogger (DcLogSystem4j.java:142) - music_album_externalreference table has not been found, creating new !
INFO  2024-09-06 23:07:38,166  [Thread-0] log.DcLogSystem4j$Log4jLogger (DcLogSystem4j.java:142) - music_album_state table has not been found, creating new !
INFO  2024-09-06 23:07:38,167  [Thread-0] log.DcLogSystem4j$Log4jLogger (DcLogSystem4j.java:142) - music_album_storagemedium table has not been found, creating new !
INFO  2024-09-06 23:07:38,168  [Thread-0] log.DcLogSystem4j$Log4jLogger (DcLogSystem4j.java:142) - musicgenre table has not been found, creating new !
INFO  2024-09-06 23:07:38,168  [Thread-0] log.DcLogSystem4j$Log4jLogger (DcLogSystem4j.java:142) - music_track_state table has not been found, creating new !
INFO  2024-09-06 23:07:38,169  [Thread-0] log.DcLogSystem4j$Log4jLogger (DcLogSystem4j.java:142) - music_track table has not been found, creating new !
INFO  2024-09-06 23:07:38,170  [Thread-0] log.DcLogSystem4j$Log4jLogger (DcLogSystem4j.java:142) - musicartist_externalreference table has not been found, creating new !
INFO  2024-09-06 23:07:38,172  [Thread-0] log.DcLogSystem4j$Log4jLogger (DcLogSystem4j.java:142) - comic_power table has not been found, creating new !
INFO  2024-09-06 23:07:38,173  [Thread-0] log.DcLogSystem4j$Log4jLogger (DcLogSystem4j.java:142) - boardgame_publisher table has not been found, creating new !
INFO  2024-09-06 23:07:38,174  [Thread-0] log.DcLogSystem4j$Log4jLogger (DcLogSystem4j.java:142) - bookpublisher table has not been found, creating new !
INFO  2024-09-06 23:07:38,175  [Thread-0] log.DcLogSystem4j$Log4jLogger (DcLogSystem4j.java:142) - softwarepublisher table has not been found, creating new !
INFO  2024-09-06 23:07:38,177  [Thread-0] log.DcLogSystem4j$Log4jLogger (DcLogSystem4j.java:142) - recordlabel table has not been found, creating new !
INFO  2024-09-06 23:07:38,178  [Thread-0] log.DcLogSystem4j$Log4jLogger (DcLogSystem4j.java:142) - recordlabel_externalreference table has not been found, creating new !
INFO  2024-09-06 23:07:38,179  [Thread-0] log.DcLogSystem4j$Log4jLogger (DcLogSystem4j.java:142) - comic_serie table has not been found, creating new !
INFO  2024-09-06 23:07:38,180  [Thread-0] log.DcLogSystem4j$Log4jLogger (DcLogSystem4j.java:142) - software table has not been found, creating new !
INFO  2024-09-06 23:07:38,181  [Thread-0] log.DcLogSystem4j$Log4jLogger (DcLogSystem4j.java:142) - software_category table has not been found, creating new !
INFO  2024-09-06 23:07:38,182  [Thread-0] log.DcLogSystem4j$Log4jLogger (DcLogSystem4j.java:142) - software_externalreference table has not been found, creating new !
INFO  2024-09-06 23:07:38,183  [Thread-0] log.DcLogSystem4j$Log4jLogger (DcLogSystem4j.java:142) - software_platform table has not been found, creating new !
INFO  2024-09-06 23:07:38,184  [Thread-0] log.DcLogSystem4j$Log4jLogger (DcLogSystem4j.java:142) - software_state table has not been found, creating new !
INFO  2024-09-06 23:07:38,185  [Thread-0] log.DcLogSystem4j$Log4jLogger (DcLogSystem4j.java:142) - software_storagemedium table has not been found, creating new !
INFO  2024-09-06 23:07:38,185  [Thread-0] log.DcLogSystem4j$Log4jLogger (DcLogSystem4j.java:142) - softwarepublisher_externalreference table has not been found, creating new !
INFO  2024-09-06 23:07:38,186  [Thread-0] log.DcLogSystem4j$Log4jLogger (DcLogSystem4j.java:142) - tag table has not been found, creating new !
INFO  2024-09-06 23:07:38,187  [Thread-0] log.DcLogSystem4j$Log4jLogger (DcLogSystem4j.java:142) - comic_team table has not been found, creating new !
INFO  2024-09-06 23:07:38,188  [Thread-0] log.DcLogSystem4j$Log4jLogger (DcLogSystem4j.java:142) - user_template table has not been found, creating new !
INFO  2024-09-06 23:07:38,188  [Thread-0] log.DcLogSystem4j$Log4jLogger (DcLogSystem4j.java:142) - permission_template table has not been found, creating new !
INFO  2024-09-06 23:07:38,189  [Thread-0] log.DcLogSystem4j$Log4jLogger (DcLogSystem4j.java:142) - actor_template table has not been found, creating new !
INFO  2024-09-06 23:07:38,190  [Thread-0] log.DcLogSystem4j$Log4jLogger (DcLogSystem4j.java:142) - author_template table has not been found, creating new !
INFO  2024-09-06 23:07:38,191  [Thread-0] log.DcLogSystem4j$Log4jLogger (DcLogSystem4j.java:142) - boardgame_artist_template table has not been found, creating new !
INFO  2024-09-06 23:07:38,194  [Thread-0] log.DcLogSystem4j$Log4jLogger (DcLogSystem4j.java:142) - boardgame_designer_template table has not been found, creating new !
INFO  2024-09-06 23:07:38,195  [Thread-0] log.DcLogSystem4j$Log4jLogger (DcLogSystem4j.java:142) - boardgame_publisher_template table has not been found, creating new !
INFO  2024-09-06 23:07:38,197  [Thread-0] log.DcLogSystem4j$Log4jLogger (DcLogSystem4j.java:142) - bookpublisher_template table has not been found, creating new !
INFO  2024-09-06 23:07:38,198  [Thread-0] log.DcLogSystem4j$Log4jLogger (DcLogSystem4j.java:142) - comic_artist_template table has not been found, creating new !
INFO  2024-09-06 23:07:38,200  [Thread-0] log.DcLogSystem4j$Log4jLogger (DcLogSystem4j.java:142) - comic_character_template table has not been found, creating new !
INFO  2024-09-06 23:07:38,201  [Thread-0] log.DcLogSystem4j$Log4jLogger (DcLogSystem4j.java:142) - comic_serie_template table has not been found, creating new !
INFO  2024-09-06 23:07:38,202  [Thread-0] log.DcLogSystem4j$Log4jLogger (DcLogSystem4j.java:142) - composer_template table has not been found, creating new !
INFO  2024-09-06 23:07:38,204  [Thread-0] log.DcLogSystem4j$Log4jLogger (DcLogSystem4j.java:142) - person_template table has not been found, creating new !
INFO  2024-09-06 23:07:38,205  [Thread-0] log.DcLogSystem4j$Log4jLogger (DcLogSystem4j.java:142) - container_template table has not been found, creating new !
INFO  2024-09-06 23:07:38,206  [Thread-0] log.DcLogSystem4j$Log4jLogger (DcLogSystem4j.java:142) - developer_template table has not been found, creating new !
INFO  2024-09-06 23:07:38,208  [Thread-0] log.DcLogSystem4j$Log4jLogger (DcLogSystem4j.java:142) - director_template table has not been found, creating new !
INFO  2024-09-06 23:07:38,210  [Thread-0] log.DcLogSystem4j$Log4jLogger (DcLogSystem4j.java:142) - musicartist_template table has not been found, creating new !
INFO  2024-09-06 23:07:38,211  [Thread-0] log.DcLogSystem4j$Log4jLogger (DcLogSystem4j.java:142) - recordlabel_template table has not been found, creating new !
INFO  2024-09-06 23:07:38,212  [Thread-0] log.DcLogSystem4j$Log4jLogger (DcLogSystem4j.java:142) - softwarepublisher_template table has not been found, creating new !
INFO  2024-09-06 23:07:38,213  [Thread-0] log.DcLogSystem4j$Log4jLogger (DcLogSystem4j.java:142) - translator_template table has not been found, creating new !
INFO  2024-09-06 23:07:38,214  [Thread-0] log.DcLogSystem4j$Log4jLogger (DcLogSystem4j.java:142) - boardgame_template table has not been found, creating new !
INFO  2024-09-06 23:07:38,215  [Thread-0] log.DcLogSystem4j$Log4jLogger (DcLogSystem4j.java:142) - book_template table has not been found, creating new !
INFO  2024-09-06 23:07:38,217  [Thread-0] log.DcLogSystem4j$Log4jLogger (DcLogSystem4j.java:142) - comic_template table has not been found, creating new !
INFO  2024-09-06 23:07:38,218  [Thread-0] log.DcLogSystem4j$Log4jLogger (DcLogSystem4j.java:142) - image_template table has not been found, creating new !
INFO  2024-09-06 23:07:38,219  [Thread-0] log.DcLogSystem4j$Log4jLogger (DcLogSystem4j.java:142) - movie_template table has not been found, creating new !
INFO  2024-09-06 23:07:38,221  [Thread-0] log.DcLogSystem4j$Log4jLogger (DcLogSystem4j.java:142) - music_album_template table has not been found, creating new !
INFO  2024-09-06 23:07:38,223  [Thread-0] log.DcLogSystem4j$Log4jLogger (DcLogSystem4j.java:142) - music_track_template table has not been found, creating new !
INFO  2024-09-06 23:07:38,225  [Thread-0] log.DcLogSystem4j$Log4jLogger (DcLogSystem4j.java:142) - software_template table has not been found, creating new !
INFO  2024-09-06 23:07:38,227  [Thread-0] log.DcLogSystem4j$Log4jLogger (DcLogSystem4j.java:142) - translator_externalreference table has not been found, creating new !
INFO  2024-09-06 23:07:38,231  [Thread-0] log.DcLogSystem4j$Log4jLogger (DcLogSystem4j.java:142) - translator table has not been found, creating new !
INFO  2024-09-06 23:08:41,325  [System-Monitor-Thread] log.DcLogSystem4j$Log4jLogger (DcLogSystem4j.java:142) - Memory usage (max 3943 MB) (used 129 MB) (available 3814 MB)
INFO  2024-09-06 23:09:41,342  [System-Monitor-Thread] log.DcLogSystem4j$Log4jLogger (DcLogSystem4j.java:142) - Memory usage (max 3943 MB) (used 129 MB) (available 3814 MB)
INFO  2024-09-06 23:10:41,354  [System-Monitor-Thread] log.DcLogSystem4j$Log4jLogger (DcLogSystem4j.java:142) - Memory usage (max 3943 MB) (used 129 MB) (available 3814 MB)
INFO  2024-09-06 23:11:41,359  [System-Monitor-Thread] log.DcLogSystem4j$Log4jLogger (DcLogSystem4j.java:142) - Memory usage (max 3943 MB) (used 129 MB) (available 3814 MB)
INFO  2024-09-06 23:12:41,361  [System-Monitor-Thread] log.DcLogSystem4j$Log4jLogger (DcLogSystem4j.java:142) - Memory usage (max 3943 MB) (used 129 MB) (available 3814 MB)
INFO  2024-09-06 23:13:41,374  [System-Monitor-Thread] log.DcLogSystem4j$Log4jLogger (DcLogSystem4j.java:142) - Memory usage (max 3943 MB) (used 129 MB) (available 3814 MB)
INFO  2024-09-06 23:14:41,387  [System-Monitor-Thread] log.DcLogSystem4j$Log4jLogger (DcLogSystem4j.java:142) - Memory usage (max 3943 MB) (used 129 MB) (available 3814 MB)
INFO  2024-09-06 23:15:41,398  [System-Monitor-Thread] log.DcLogSystem4j$Log4jLogger (DcLogSystem4j.java:142) - Memory usage (max 3943 MB) (used 129 MB) (available 3814 MB)
INFO  2024-09-06 23:16:41,414  [System-Monitor-Thread] log.DcLogSystem4j$Log4jLogger (DcLogSystem4j.java:142) - Memory usage (max 3943 MB) (used 129 MB) (available 3814 MB)
INFO  2024-09-06 23:17:41,415  [System-Monitor-Thread] log.DcLogSystem4j$Log4jLogger (DcLogSystem4j.java:142) - Memory usage (max 3943 MB) (used 129 MB) (available 3814 MB)
INFO  2024-09-06 23:18:41,419  [System-Monitor-Thread] log.DcLogSystem4j$Log4jLogger (DcLogSystem4j.java:142) - Memory usage (max 3943 MB) (used 129 MB) (available 3814 MB)
INFO  2024-09-06 23:19:41,421  [System-Monitor-Thread] log.DcLogSystem4j$Log4jLogger (DcLogSystem4j.java:142) - Memory usage (max 3943 MB) (used 129 MB) (available 3814 MB)
INFO  2024-09-06 23:20:41,425  [System-Monitor-Thread] log.DcLogSystem4j$Log4jLogger (DcLogSystem4j.java:142) - Memory usage (max 3943 MB) (used 129 MB) (available 3814 MB)
INFO  2024-09-06 23:21:41,434  [System-Monitor-Thread] log.DcLogSystem4j$Log4jLogger (DcLogSystem4j.java:142) - Memory usage (max 3943 MB) (used 129 MB) (available 3814 MB)
INFO  2024-09-06 23:22:41,451  [System-Monitor-Thread] log.DcLogSystem4j$Log4jLogger (DcLogSystem4j.java:142) - Memory usage (max 3943 MB) (used 129 MB) (available 3814 MB)
INFO  2024-09-06 23:23:41,468  [System-Monitor-Thread] log.DcLogSystem4j$Log4jLogger (DcLogSystem4j.java:142) - Memory usage (max 3943 MB) (used 129 MB) (available 3814 MB)
INFO  2024-09-06 23:24:41,479  [System-Monitor-Thread] log.DcLogSystem4j$Log4jLogger (DcLogSystem4j.java:142) - Memory usage (max 3943 MB) (used 129 MB) (available 3814 MB)
INFO  2024-09-06 23:25:41,486  [System-Monitor-Thread] log.DcLogSystem4j$Log4jLogger (DcLogSystem4j.java:142) - Memory usage (max 3943 MB) (used 129 MB) (available 3814 MB)
INFO  2024-09-06 23:26:41,501  [System-Monitor-Thread] log.DcLogSystem4j$Log4jLogger (DcLogSystem4j.java:142) - Memory usage (max 3943 MB) (used 129 MB) (available 3814 MB)
INFO  2024-09-06 23:27:41,507  [System-Monitor-Thread] log.DcLogSystem4j$Log4jLogger (DcLogSystem4j.java:142) - Memory usage (max 3943 MB) (used 129 MB) (available 3814 MB)
INFO  2024-09-06 23:28:41,517  [System-Monitor-Thread] log.DcLogSystem4j$Log4jLogger (DcLogSystem4j.java:142) - Memory usage (max 3943 MB) (used 129 MB) (available 3814 MB)
INFO  2024-09-06 23:29:41,528  [System-Monitor-Thread] log.DcLogSystem4j$Log4jLogger (DcLogSystem4j.java:142) - Memory usage (max 3943 MB) (used 129 MB) (available 3814 MB)
INFO  2024-09-06 23:30:41,541  [System-Monitor-Thread] log.DcLogSystem4j$Log4jLogger (DcLogSystem4j.java:142) - Memory usage (max 3943 MB) (used 129 MB) (available 3814 MB)
INFO  2024-09-06 23:31:41,554  [System-Monitor-Thread] log.DcLogSystem4j$Log4jLogger (DcLogSystem4j.java:142) - Memory usage (max 3943 MB) (used 129 MB) (available 3814 MB)
INFO  2024-09-06 23:32:41,569  [System-Monitor-Thread] log.DcLogSystem4j$Log4jLogger (DcLogSystem4j.java:142) - Memory usage (max 3943 MB) (used 129 MB) (available 3814 MB)
INFO  2024-09-06 23:33:41,581  [System-Monitor-Thread] log.DcLogSystem4j$Log4jLogger (DcLogSystem4j.java:142) - Memory usage (max 3943 MB) (used 129 MB) (available 3814 MB)
INFO  2024-09-06 23:34:41,595  [System-Monitor-Thread] log.DcLogSystem4j$Log4jLogger (DcLogSystem4j.java:142) - Memory usage (max 3943 MB) (used 129 MB) (available 3814 MB)
INFO  2024-09-06 23:35:41,603  [System-Monitor-Thread] log.DcLogSystem4j$Log4jLogger (DcLogSystem4j.java:142) - Memory usage (max 3943 MB) (used 129 MB) (available 3814 MB)
INFO  2024-09-06 23:36:41,607  [System-Monitor-Thread] log.DcLogSystem4j$Log4jLogger (DcLogSystem4j.java:142) - Memory usage (max 3943 MB) (used 129 MB) (available 3814 MB)
INFO  2024-09-06 23:37:41,624  [System-Monitor-Thread] log.DcLogSystem4j$Log4jLogger (DcLogSystem4j.java:142) - Memory usage (max 3943 MB) (used 129 MB) (available 3814 MB)
INFO  2024-09-06 23:38:41,634  [System-Monitor-Thread] log.DcLogSystem4j$Log4jLogger (DcLogSystem4j.java:142) - Memory usage (max 3943 MB) (used 129 MB) (available 3814 MB)
INFO  2024-09-06 23:39:41,646  [System-Monitor-Thread] log.DcLogSystem4j$Log4jLogger (DcLogSystem4j.java:142) - Memory usage (max 3943 MB) (used 129 MB) (available 3814 MB)
INFO  2024-09-06 23:40:41,660  [System-Monitor-Thread] log.DcLogSystem4j$Log4jLogger (DcLogSystem4j.java:142) - Memory usage (max 3943 MB) (used 129 MB) (available 3814 MB)
INFO  2024-09-06 23:41:41,670  [System-Monitor-Thread] log.DcLogSystem4j$Log4jLogger (DcLogSystem4j.java:142) - Memory usage (max 3943 MB) (used 129 MB) (available 3814 MB)
INFO  2024-09-06 23:42:41,682  [System-Monitor-Thread] log.DcLogSystem4j$Log4jLogger (DcLogSystem4j.java:142) - Memory usage (max 3943 MB) (used 129 MB) (available 3814 MB)
INFO  2024-09-06 23:43:41,692  [System-Monitor-Thread] log.DcLogSystem4j$Log4jLogger (DcLogSystem4j.java:142) - Memory usage (max 3943 MB) (used 129 MB) (available 3814 MB)
INFO  2024-09-06 23:44:41,699  [System-Monitor-Thread] log.DcLogSystem4j$Log4jLogger (DcLogSystem4j.java:142) - Memory usage (max 3943 MB) (used 129 MB) (available 3814 MB)
INFO  2024-09-06 23:45:41,708  [System-Monitor-Thread] log.DcLogSystem4j$Log4jLogger (DcLogSystem4j.java:142) - Memory usage (max 3943 MB) (used 129 MB) (available 3814 MB)
INFO  2024-09-06 23:46:41,712  [System-Monitor-Thread] log.DcLogSystem4j$Log4jLogger (DcLogSystem4j.java:142) - Memory usage (max 3943 MB) (used 129 MB) (available 3814 MB)
INFO  2024-09-06 23:47:41,722  [System-Monitor-Thread] log.DcLogSystem4j$Log4jLogger (DcLogSystem4j.java:142) - Memory usage (max 3943 MB) (used 129 MB) (available 3814 MB)
INFO  2024-09-06 23:48:41,733  [System-Monitor-Thread] log.DcLogSystem4j$Log4jLogger (DcLogSystem4j.java:142) - Memory usage (max 3943 MB) (used 129 MB) (available 3814 MB)
INFO  2024-09-06 23:49:41,748  [System-Monitor-Thread] log.DcLogSystem4j$Log4jLogger (DcLogSystem4j.java:142) - Memory usage (max 3943 MB) (used 129 MB) (available 3814 MB)
INFO  2024-09-06 23:50:41,758  [System-Monitor-Thread] log.DcLogSystem4j$Log4jLogger (DcLogSystem4j.java:142) - Memory usage (max 3943 MB) (used 129 MB) (available 3814 MB)
INFO  2024-09-06 23:51:41,769  [System-Monitor-Thread] log.DcLogSystem4j$Log4jLogger (DcLogSystem4j.java:142) - Memory usage (max 3943 MB) (used 129 MB) (available 3814 MB)
INFO  2024-09-06 23:52:41,778  [System-Monitor-Thread] log.DcLogSystem4j$Log4jLogger (DcLogSystem4j.java:142) - Memory usage (max 3943 MB) (used 129 MB) (available 3814 MB)
INFO  2024-09-06 23:53:41,795  [System-Monitor-Thread] log.DcLogSystem4j$Log4jLogger (DcLogSystem4j.java:142) - Memory usage (max 3943 MB) (used 129 MB) (available 3814 MB)
INFO  2024-09-06 23:54:41,808  [System-Monitor-Thread] log.DcLogSystem4j$Log4jLogger (DcLogSystem4j.java:142) - Memory usage (max 3943 MB) (used 129 MB) (available 3814 MB)
INFO  2024-09-06 23:55:41,820  [System-Monitor-Thread] log.DcLogSystem4j$Log4jLogger (DcLogSystem4j.java:142) - Memory usage (max 3943 MB) (used 129 MB) (available 3814 MB)
INFO  2024-09-06 23:56:41,828  [System-Monitor-Thread] log.DcLogSystem4j$Log4jLogger (DcLogSystem4j.java:142) - Memory usage (max 3943 MB) (used 129 MB) (available 3814 MB)
INFO  2024-09-06 23:57:41,839  [System-Monitor-Thread] log.DcLogSystem4j$Log4jLogger (DcLogSystem4j.java:142) - Memory usage (max 3943 MB) (used 129 MB) (available 3814 MB)
INFO  2024-09-06 23:58:41,843  [System-Monitor-Thread] log.DcLogSystem4j$Log4jLogger (DcLogSystem4j.java:142) - Memory usage (max 3943 MB) (used 129 MB) (available 3814 MB)
INFO  2024-09-06 23:59:41,856  [System-Monitor-Thread] log.DcLogSystem4j$Log4jLogger (DcLogSystem4j.java:142) - Memory usage (max 3943 MB) (used 129 MB) (available 3814 MB)
INFO  2024-09-07 00:00:41,865  [System-Monitor-Thread] log.DcLogSystem4j$Log4jLogger (DcLogSystem4j.java:142) - Memory usage (max 3943 MB) (used 129 MB) (available 3814 MB)
INFO  2024-09-07 00:01:41,881  [System-Monitor-Thread] log.DcLogSystem4j$Log4jLogger (DcLogSystem4j.java:142) - Memory usage (max 3943 MB) (used 129 MB) (available 3814 MB)
INFO  2024-09-07 00:02:41,883  [System-Monitor-Thread] log.DcLogSystem4j$Log4jLogger (DcLogSystem4j.java:142) - Memory usage (max 3943 MB) (used 129 MB) (available 3814 MB)
INFO  2024-09-07 00:03:41,887  [System-Monitor-Thread] log.DcLogSystem4j$Log4jLogger (DcLogSystem4j.java:142) - Memory usage (max 3943 MB) (used 129 MB) (available 3814 MB)
INFO  2024-09-07 00:04:41,899  [System-Monitor-Thread] log.DcLogSystem4j$Log4jLogger (DcLogSystem4j.java:142) - Memory usage (max 3943 MB) (used 129 MB) (available 3814 MB)
INFO  2024-09-07 00:05:41,915  [System-Monitor-Thread] log.DcLogSystem4j$Log4jLogger (DcLogSystem4j.java:142) - Memory usage (max 3943 MB) (used 129 MB) (available 3814 MB)
INFO  2024-09-07 00:06:41,931  [System-Monitor-Thread] log.DcLogSystem4j$Log4jLogger (DcLogSystem4j.java:142) - Memory usage (max 3943 MB) (used 129 MB) (available 3814 MB)
INFO  2024-09-07 00:07:41,933  [System-Monitor-Thread] log.DcLogSystem4j$Log4jLogger (DcLogSystem4j.java:142) - Memory usage (max 3943 MB) (used 129 MB) (available 3814 MB)
INFO  2024-09-07 00:08:41,946  [System-Monitor-Thread] log.DcLogSystem4j$Log4jLogger (DcLogSystem4j.java:142) - Memory usage (max 3943 MB) (used 129 MB) (available 3814 MB)
INFO  2024-09-07 00:09:41,954  [System-Monitor-Thread] log.DcLogSystem4j$Log4jLogger (DcLogSystem4j.java:142) - Memory usage (max 3943 MB) (used 129 MB) (available 3814 MB)
INFO  2024-09-07 00:10:41,958  [System-Monitor-Thread] log.DcLogSystem4j$Log4jLogger (DcLogSystem4j.java:142) - Memory usage (max 3943 MB) (used 129 MB) (available 3814 MB)
INFO  2024-09-07 00:11:41,962  [System-Monitor-Thread] log.DcLogSystem4j$Log4jLogger (DcLogSystem4j.java:142) - Memory usage (max 3943 MB) (used 129 MB) (available 3814 MB)
INFO  2024-09-07 00:12:41,964  [System-Monitor-Thread] log.DcLogSystem4j$Log4jLogger (DcLogSystem4j.java:142) - Memory usage (max 3943 MB) (used 129 MB) (available 3814 MB)
INFO  2024-09-07 00:13:41,976  [System-Monitor-Thread] log.DcLogSystem4j$Log4jLogger (DcLogSystem4j.java:142) - Memory usage (max 3943 MB) (used 129 MB) (available 3814 MB)
INFO  2024-09-07 00:14:41,980  [System-Monitor-Thread] log.DcLogSystem4j$Log4jLogger (DcLogSystem4j.java:142) - Memory usage (max 3943 MB) (used 129 MB) (available 3814 MB)
INFO  2024-09-07 00:15:41,984  [System-Monitor-Thread] log.DcLogSystem4j$Log4jLogger (DcLogSystem4j.java:142) - Memory usage (max 3943 MB) (used 129 MB) (available 3814 MB)
INFO  2024-09-07 00:16:41,997  [System-Monitor-Thread] log.DcLogSystem4j$Log4jLogger (DcLogSystem4j.java:142) - Memory usage (max 3943 MB) (used 129 MB) (available 3814 MB)
INFO  2024-09-07 00:17:41,999  [System-Monitor-Thread] log.DcLogSystem4j$Log4jLogger (DcLogSystem4j.java:142) - Memory usage (max 3943 MB) (used 129 MB) (available 3814 MB)
INFO  2024-09-07 00:18:42,015  [System-Monitor-Thread] log.DcLogSystem4j$Log4jLogger (DcLogSystem4j.java:142) - Memory usage (max 3943 MB) (used 129 MB) (available 3814 MB)
INFO  2024-09-07 00:19:42,031  [System-Monitor-Thread] log.DcLogSystem4j$Log4jLogger (DcLogSystem4j.java:142) - Memory usage (max 3943 MB) (used 129 MB) (available 3814 MB)
INFO  2024-09-07 00:20:42,045  [System-Monitor-Thread] log.DcLogSystem4j$Log4jLogger (DcLogSystem4j.java:142) - Memory usage (max 3943 MB) (used 129 MB) (available 3814 MB)
INFO  2024-09-07 00:21:42,051  [System-Monitor-Thread] log.DcLogSystem4j$Log4jLogger (DcLogSystem4j.java:142) - Memory usage (max 3943 MB) (used 129 MB) (available 3814 MB)
INFO  2024-09-07 00:22:42,058  [System-Monitor-Thread] log.DcLogSystem4j$Log4jLogger (DcLogSystem4j.java:142) - Memory usage (max 3943 MB) (used 129 MB) (available 3814 MB)
INFO  2024-09-07 00:23:42,073  [System-Monitor-Thread] log.DcLogSystem4j$Log4jLogger (DcLogSystem4j.java:142) - Memory usage (max 3943 MB) (used 129 MB) (available 3814 MB)
INFO  2024-09-07 00:24:42,076  [System-Monitor-Thread] log.DcLogSystem4j$Log4jLogger (DcLogSystem4j.java:142) - Memory usage (max 3943 MB) (used 129 MB) (available 3814 MB)
INFO  2024-09-07 00:25:42,081  [System-Monitor-Thread] log.DcLogSystem4j$Log4jLogger (DcLogSystem4j.java:142) - Memory usage (max 3943 MB) (used 129 MB) (available 3814 MB)
INFO  2024-09-07 00:26:42,088  [System-Monitor-Thread] log.DcLogSystem4j$Log4jLogger (DcLogSystem4j.java:142) - Memory usage (max 3943 MB) (used 129 MB) (available 3814 MB)
INFO  2024-09-07 00:27:42,090  [System-Monitor-Thread] log.DcLogSystem4j$Log4jLogger (DcLogSystem4j.java:142) - Memory usage (max 3943 MB) (used 129 MB) (available 3814 MB)
INFO  2024-09-07 00:28:42,096  [System-Monitor-Thread] log.DcLogSystem4j$Log4jLogger (DcLogSystem4j.java:142) - Memory usage (max 3943 MB) (used 129 MB) (available 3814 MB)
INFO  2024-09-07 00:29:42,110  [System-Monitor-Thread] log.DcLogSystem4j$Log4jLogger (DcLogSystem4j.java:142) - Memory usage (max 3943 MB) (used 129 MB) (available 3814 MB)
INFO  2024-09-07 00:30:42,115  [System-Monitor-Thread] log.DcLogSystem4j$Log4jLogger (DcLogSystem4j.java:142) - Memory usage (max 3943 MB) (used 129 MB) (available 3814 MB)
INFO  2024-09-07 00:31:42,129  [System-Monitor-Thread] log.DcLogSystem4j$Log4jLogger (DcLogSystem4j.java:142) - Memory usage (max 3943 MB) (used 129 MB) (available 3814 MB)
INFO  2024-09-07 00:32:42,135  [System-Monitor-Thread] log.DcLogSystem4j$Log4jLogger (DcLogSystem4j.java:142) - Memory usage (max 3943 MB) (used 129 MB) (available 3814 MB)
INFO  2024-09-07 00:33:42,137  [System-Monitor-Thread] log.DcLogSystem4j$Log4jLogger (DcLogSystem4j.java:142) - Memory usage (max 3943 MB) (used 129 MB) (available 3814 MB)
INFO  2024-09-07 00:34:42,149  [System-Monitor-Thread] log.DcLogSystem4j$Log4jLogger (DcLogSystem4j.java:142) - Memory usage (max 3943 MB) (used 129 MB) (available 3814 MB)
INFO  2024-09-07 00:35:42,165  [System-Monitor-Thread] log.DcLogSystem4j$Log4jLogger (DcLogSystem4j.java:142) - Memory usage (max 3943 MB) (used 129 MB) (available 3814 MB)
INFO  2024-09-07 00:36:42,178  [System-Monitor-Thread] log.DcLogSystem4j$Log4jLogger (DcLogSystem4j.java:142) - Memory usage (max 3943 MB) (used 129 MB) (available 3814 MB)
INFO  2024-09-07 00:37:42,194  [System-Monitor-Thread] log.DcLogSystem4j$Log4jLogger (DcLogSystem4j.java:142) - Memory usage (max 3943 MB) (used 129 MB) (available 3814 MB)
INFO  2024-09-07 00:38:42,201  [System-Monitor-Thread] log.DcLogSystem4j$Log4jLogger (DcLogSystem4j.java:142) - Memory usage (max 3943 MB) (used 129 MB) (available 3814 MB)
INFO  2024-09-07 00:38:51,326  [AWT-EventQueue-0] log.DcLogSystem4j$Log4jLogger (DcLogSystem4j.java:142) - Data Crow is gracefully shutting down.
